2024-12-04 19:05:49,796:WARNING:
'cuml' is a soft dependency and not included in the pycaret installation. Please run: `pip install cuml` to install.
2024-12-04 19:05:49,797:WARNING:
'cuml' is a soft dependency and not included in the pycaret installation. Please run: `pip install cuml` to install.
2024-12-04 19:05:49,797:WARNING:
'cuml' is a soft dependency and not included in the pycaret installation. Please run: `pip install cuml` to install.
2024-12-04 19:05:49,797:WARNING:
'cuml' is a soft dependency and not included in the pycaret installation. Please run: `pip install cuml` to install.
2024-12-04 19:08:18,707:INFO:PyCaret ClassificationExperiment
2024-12-04 19:08:18,707:INFO:Logging name: clf-default-name
2024-12-04 19:08:18,707:INFO:ML Usecase: MLUsecase.CLASSIFICATION
2024-12-04 19:08:18,707:INFO:version 3.3.1
2024-12-04 19:08:18,707:INFO:Initializing setup()
2024-12-04 19:08:18,707:INFO:self.USI: 57e0
2024-12-04 19:08:18,707:INFO:self._variable_keys: {'USI', 'memory', 'pipeline', 'X_test', 'exp_name_log', 'log_plots_param', 'is_multiclass', 'y_train', 'y_test', 'fold_generator', 'gpu_n_jobs_param', 'seed', 'X_train', 'data', '_available_plots', '_ml_usecase', 'fold_groups_param', 'fold_shuffle_param', 'html_param', 'target_param', 'X', 'y', 'exp_id', 'n_jobs_param', 'gpu_param', 'fix_imbalance', 'idx', 'logging_param'}
2024-12-04 19:08:18,708:INFO:Checking environment
2024-12-04 19:08:18,708:INFO:python_version: 3.11.10
2024-12-04 19:08:18,708:INFO:python_build: ('main', 'Oct  3 2024 07:29:13')
2024-12-04 19:08:18,708:INFO:machine: x86_64
2024-12-04 19:08:18,708:INFO:platform: Linux-6.11.10-300.fc41.x86_64-x86_64-with-glibc2.40
2024-12-04 19:08:18,708:INFO:Memory: svmem(total=33566568448, available=24115953664, percent=28.2, used=6129676288, free=3951550464, active=12851818496, inactive=13779828736, buffers=6107136, cached=23479234560, shared=2798518272, slab=2153455616)
2024-12-04 19:08:18,709:INFO:Physical Core: 6
2024-12-04 19:08:18,709:INFO:Logical Core: 12
2024-12-04 19:08:18,709:INFO:Checking libraries
2024-12-04 19:08:18,709:INFO:System:
2024-12-04 19:08:18,709:INFO:    python: 3.11.10 (main, Oct  3 2024, 07:29:13) [GCC 11.2.0]
2024-12-04 19:08:18,709:INFO:executable: /home/edsonarthurzancheta/anaconda3/envs/Pycaret/bin/python
2024-12-04 19:08:18,709:INFO:   machine: Linux-6.11.10-300.fc41.x86_64-x86_64-with-glibc2.40
2024-12-04 19:08:18,709:INFO:PyCaret required dependencies:
2024-12-04 19:08:18,727:INFO:                 pip: 24.2
2024-12-04 19:08:18,727:INFO:          setuptools: 75.1.0
2024-12-04 19:08:18,727:INFO:             pycaret: 3.3.1
2024-12-04 19:08:18,727:INFO:             IPython: 8.27.0
2024-12-04 19:08:18,727:INFO:          ipywidgets: 8.1.2
2024-12-04 19:08:18,727:INFO:                tqdm: 4.66.5
2024-12-04 19:08:18,727:INFO:               numpy: 1.26.4
2024-12-04 19:08:18,727:INFO:              pandas: 2.1.4
2024-12-04 19:08:18,727:INFO:              jinja2: 3.1.4
2024-12-04 19:08:18,728:INFO:               scipy: 1.11.4
2024-12-04 19:08:18,728:INFO:              joblib: 1.2.0
2024-12-04 19:08:18,728:INFO:             sklearn: 1.4.2
2024-12-04 19:08:18,728:INFO:                pyod: 2.0.2
2024-12-04 19:08:18,728:INFO:            imblearn: 0.12.3
2024-12-04 19:08:18,728:INFO:   category_encoders: 2.6.3
2024-12-04 19:08:18,728:INFO:            lightgbm: 4.5.0
2024-12-04 19:08:18,728:INFO:               numba: 0.60.0
2024-12-04 19:08:18,728:INFO:            requests: 2.32.3
2024-12-04 19:08:18,728:INFO:          matplotlib: 3.9.2
2024-12-04 19:08:18,728:INFO:          scikitplot: 0.3.7
2024-12-04 19:08:18,728:INFO:         yellowbrick: 1.5
2024-12-04 19:08:18,728:INFO:              plotly: 5.24.1
2024-12-04 19:08:18,728:INFO:    plotly-resampler: Not installed
2024-12-04 19:08:18,728:INFO:             kaleido: 0.2.1
2024-12-04 19:08:18,728:INFO:           schemdraw: 0.15
2024-12-04 19:08:18,728:INFO:         statsmodels: 0.14.2
2024-12-04 19:08:18,728:INFO:              sktime: 0.26.0
2024-12-04 19:08:18,728:INFO:               tbats: 1.1.3
2024-12-04 19:08:18,728:INFO:            pmdarima: 2.0.4
2024-12-04 19:08:18,728:INFO:              psutil: 5.9.0
2024-12-04 19:08:18,728:INFO:          markupsafe: 2.1.3
2024-12-04 19:08:18,728:INFO:             pickle5: Not installed
2024-12-04 19:08:18,728:INFO:         cloudpickle: 3.0.0
2024-12-04 19:08:18,728:INFO:         deprecation: 2.1.0
2024-12-04 19:08:18,728:INFO:              xxhash: 2.0.2
2024-12-04 19:08:18,728:INFO:           wurlitzer: 3.0.2
2024-12-04 19:08:18,728:INFO:PyCaret optional dependencies:
2024-12-04 19:08:18,741:INFO:                shap: Not installed
2024-12-04 19:08:18,741:INFO:           interpret: Not installed
2024-12-04 19:08:18,741:INFO:                umap: Not installed
2024-12-04 19:08:18,741:INFO:     ydata_profiling: Not installed
2024-12-04 19:08:18,741:INFO:  explainerdashboard: Not installed
2024-12-04 19:08:18,741:INFO:             autoviz: Not installed
2024-12-04 19:08:18,741:INFO:           fairlearn: Not installed
2024-12-04 19:08:18,741:INFO:          deepchecks: Not installed
2024-12-04 19:08:18,741:INFO:             xgboost: Not installed
2024-12-04 19:08:18,741:INFO:            catboost: Not installed
2024-12-04 19:08:18,741:INFO:              kmodes: Not installed
2024-12-04 19:08:18,741:INFO:             mlxtend: Not installed
2024-12-04 19:08:18,741:INFO:       statsforecast: Not installed
2024-12-04 19:08:18,741:INFO:        tune_sklearn: Not installed
2024-12-04 19:08:18,741:INFO:                 ray: Not installed
2024-12-04 19:08:18,741:INFO:            hyperopt: Not installed
2024-12-04 19:08:18,741:INFO:              optuna: Not installed
2024-12-04 19:08:18,741:INFO:               skopt: Not installed
2024-12-04 19:08:18,742:INFO:              mlflow: Not installed
2024-12-04 19:08:18,742:INFO:              gradio: Not installed
2024-12-04 19:08:18,742:INFO:             fastapi: Not installed
2024-12-04 19:08:18,742:INFO:             uvicorn: Not installed
2024-12-04 19:08:18,742:INFO:              m2cgen: Not installed
2024-12-04 19:08:18,742:INFO:           evidently: Not installed
2024-12-04 19:08:18,742:INFO:               fugue: Not installed
2024-12-04 19:08:18,742:INFO:           streamlit: Not installed
2024-12-04 19:08:18,742:INFO:             prophet: Not installed
2024-12-04 19:08:18,742:INFO:None
2024-12-04 19:08:18,742:INFO:Set up GPU usage.
2024-12-04 19:08:18,742:WARNING:
'cuml' is a soft dependency and not included in the pycaret installation. Please run: `pip install cuml` to install.
2024-12-04 19:08:18,742:WARNING:cuML is outdated or not found. Required version is >=23.08.
                Please visit https://rapids.ai/install for installation instructions.
2024-12-04 19:08:18,742:INFO:Set up data.
2024-12-04 19:08:18,745:INFO:Set up folding strategy.
2024-12-04 19:08:18,745:INFO:Set up train/test split.
2024-12-04 19:09:50,769:INFO:PyCaret ClassificationExperiment
2024-12-04 19:09:50,769:INFO:Logging name: clf-default-name
2024-12-04 19:09:50,769:INFO:ML Usecase: MLUsecase.CLASSIFICATION
2024-12-04 19:09:50,769:INFO:version 3.3.1
2024-12-04 19:09:50,770:INFO:Initializing setup()
2024-12-04 19:09:50,770:INFO:self.USI: 8b18
2024-12-04 19:09:50,770:INFO:self._variable_keys: {'USI', 'memory', 'pipeline', 'X_test', 'exp_name_log', 'log_plots_param', 'is_multiclass', 'y_train', 'y_test', 'fold_generator', 'gpu_n_jobs_param', 'seed', 'X_train', 'data', '_available_plots', '_ml_usecase', 'fold_groups_param', 'fold_shuffle_param', 'html_param', 'target_param', 'X', 'y', 'exp_id', 'n_jobs_param', 'gpu_param', 'fix_imbalance', 'idx', 'logging_param'}
2024-12-04 19:09:50,770:INFO:Checking environment
2024-12-04 19:09:50,770:INFO:python_version: 3.11.10
2024-12-04 19:09:50,770:INFO:python_build: ('main', 'Oct  3 2024 07:29:13')
2024-12-04 19:09:50,770:INFO:machine: x86_64
2024-12-04 19:09:50,770:INFO:platform: Linux-6.11.10-300.fc41.x86_64-x86_64-with-glibc2.40
2024-12-04 19:09:50,770:INFO:Memory: svmem(total=33566568448, available=24203468800, percent=27.9, used=6062075904, free=4023832576, active=12744769536, inactive=13795061760, buffers=6107136, cached=23474552832, shared=2778603520, slab=2153594880)
2024-12-04 19:09:50,770:INFO:Physical Core: 6
2024-12-04 19:09:50,771:INFO:Logical Core: 12
2024-12-04 19:09:50,771:INFO:Checking libraries
2024-12-04 19:09:50,771:INFO:System:
2024-12-04 19:09:50,771:INFO:    python: 3.11.10 (main, Oct  3 2024, 07:29:13) [GCC 11.2.0]
2024-12-04 19:09:50,771:INFO:executable: /home/edsonarthurzancheta/anaconda3/envs/Pycaret/bin/python
2024-12-04 19:09:50,771:INFO:   machine: Linux-6.11.10-300.fc41.x86_64-x86_64-with-glibc2.40
2024-12-04 19:09:50,771:INFO:PyCaret required dependencies:
2024-12-04 19:09:50,771:INFO:                 pip: 24.2
2024-12-04 19:09:50,771:INFO:          setuptools: 75.1.0
2024-12-04 19:09:50,771:INFO:             pycaret: 3.3.1
2024-12-04 19:09:50,771:INFO:             IPython: 8.27.0
2024-12-04 19:09:50,771:INFO:          ipywidgets: 8.1.2
2024-12-04 19:09:50,771:INFO:                tqdm: 4.66.5
2024-12-04 19:09:50,771:INFO:               numpy: 1.26.4
2024-12-04 19:09:50,771:INFO:              pandas: 2.1.4
2024-12-04 19:09:50,771:INFO:              jinja2: 3.1.4
2024-12-04 19:09:50,771:INFO:               scipy: 1.11.4
2024-12-04 19:09:50,771:INFO:              joblib: 1.2.0
2024-12-04 19:09:50,771:INFO:             sklearn: 1.4.2
2024-12-04 19:09:50,771:INFO:                pyod: 2.0.2
2024-12-04 19:09:50,771:INFO:            imblearn: 0.12.3
2024-12-04 19:09:50,771:INFO:   category_encoders: 2.6.3
2024-12-04 19:09:50,771:INFO:            lightgbm: 4.5.0
2024-12-04 19:09:50,771:INFO:               numba: 0.60.0
2024-12-04 19:09:50,771:INFO:            requests: 2.32.3
2024-12-04 19:09:50,771:INFO:          matplotlib: 3.9.2
2024-12-04 19:09:50,771:INFO:          scikitplot: 0.3.7
2024-12-04 19:09:50,771:INFO:         yellowbrick: 1.5
2024-12-04 19:09:50,771:INFO:              plotly: 5.24.1
2024-12-04 19:09:50,771:INFO:    plotly-resampler: Not installed
2024-12-04 19:09:50,771:INFO:             kaleido: 0.2.1
2024-12-04 19:09:50,771:INFO:           schemdraw: 0.15
2024-12-04 19:09:50,771:INFO:         statsmodels: 0.14.2
2024-12-04 19:09:50,771:INFO:              sktime: 0.26.0
2024-12-04 19:09:50,771:INFO:               tbats: 1.1.3
2024-12-04 19:09:50,772:INFO:            pmdarima: 2.0.4
2024-12-04 19:09:50,772:INFO:              psutil: 5.9.0
2024-12-04 19:09:50,772:INFO:          markupsafe: 2.1.3
2024-12-04 19:09:50,772:INFO:             pickle5: Not installed
2024-12-04 19:09:50,772:INFO:         cloudpickle: 3.0.0
2024-12-04 19:09:50,772:INFO:         deprecation: 2.1.0
2024-12-04 19:09:50,772:INFO:              xxhash: 2.0.2
2024-12-04 19:09:50,772:INFO:           wurlitzer: 3.0.2
2024-12-04 19:09:50,772:INFO:PyCaret optional dependencies:
2024-12-04 19:09:50,772:INFO:                shap: Not installed
2024-12-04 19:09:50,772:INFO:           interpret: Not installed
2024-12-04 19:09:50,772:INFO:                umap: Not installed
2024-12-04 19:09:50,772:INFO:     ydata_profiling: Not installed
2024-12-04 19:09:50,772:INFO:  explainerdashboard: Not installed
2024-12-04 19:09:50,772:INFO:             autoviz: Not installed
2024-12-04 19:09:50,772:INFO:           fairlearn: Not installed
2024-12-04 19:09:50,772:INFO:          deepchecks: Not installed
2024-12-04 19:09:50,772:INFO:             xgboost: Not installed
2024-12-04 19:09:50,772:INFO:            catboost: Not installed
2024-12-04 19:09:50,772:INFO:              kmodes: Not installed
2024-12-04 19:09:50,772:INFO:             mlxtend: Not installed
2024-12-04 19:09:50,772:INFO:       statsforecast: Not installed
2024-12-04 19:09:50,772:INFO:        tune_sklearn: Not installed
2024-12-04 19:09:50,772:INFO:                 ray: Not installed
2024-12-04 19:09:50,772:INFO:            hyperopt: Not installed
2024-12-04 19:09:50,772:INFO:              optuna: Not installed
2024-12-04 19:09:50,772:INFO:               skopt: Not installed
2024-12-04 19:09:50,772:INFO:              mlflow: Not installed
2024-12-04 19:09:50,772:INFO:              gradio: Not installed
2024-12-04 19:09:50,772:INFO:             fastapi: Not installed
2024-12-04 19:09:50,772:INFO:             uvicorn: Not installed
2024-12-04 19:09:50,772:INFO:              m2cgen: Not installed
2024-12-04 19:09:50,772:INFO:           evidently: Not installed
2024-12-04 19:09:50,772:INFO:               fugue: Not installed
2024-12-04 19:09:50,772:INFO:           streamlit: Not installed
2024-12-04 19:09:50,772:INFO:             prophet: Not installed
2024-12-04 19:09:50,772:INFO:None
2024-12-04 19:09:50,772:INFO:Set up GPU usage.
2024-12-04 19:09:50,772:WARNING:
'cuml' is a soft dependency and not included in the pycaret installation. Please run: `pip install cuml` to install.
2024-12-04 19:09:50,772:WARNING:cuML is outdated or not found. Required version is >=23.08.
                Please visit https://rapids.ai/install for installation instructions.
2024-12-04 19:09:50,772:INFO:Set up data.
2024-12-04 19:09:50,775:INFO:Set up folding strategy.
2024-12-04 19:09:50,775:INFO:Set up train/test split.
2024-12-04 19:14:25,743:INFO:PyCaret ClassificationExperiment
2024-12-04 19:14:25,743:INFO:Logging name: clf-default-name
2024-12-04 19:14:25,743:INFO:ML Usecase: MLUsecase.CLASSIFICATION
2024-12-04 19:14:25,743:INFO:version 3.3.1
2024-12-04 19:14:25,743:INFO:Initializing setup()
2024-12-04 19:14:25,743:INFO:self.USI: a3ef
2024-12-04 19:14:25,743:INFO:self._variable_keys: {'USI', 'memory', 'pipeline', 'X_test', 'exp_name_log', 'log_plots_param', 'is_multiclass', 'y_train', 'y_test', 'fold_generator', 'gpu_n_jobs_param', 'seed', 'X_train', 'data', '_available_plots', '_ml_usecase', 'fold_groups_param', 'fold_shuffle_param', 'html_param', 'target_param', 'X', 'y', 'exp_id', 'n_jobs_param', 'gpu_param', 'fix_imbalance', 'idx', 'logging_param'}
2024-12-04 19:14:25,743:INFO:Checking environment
2024-12-04 19:14:25,743:INFO:python_version: 3.11.10
2024-12-04 19:14:25,743:INFO:python_build: ('main', 'Oct  3 2024 07:29:13')
2024-12-04 19:14:25,743:INFO:machine: x86_64
2024-12-04 19:14:25,743:INFO:platform: Linux-6.11.10-300.fc41.x86_64-x86_64-with-glibc2.40
2024-12-04 19:14:25,743:INFO:Memory: svmem(total=33566568448, available=23607967744, percent=29.7, used=6610046976, free=3414818816, active=13297147904, inactive=13808513024, buffers=6107136, cached=23535595520, shared=2826133504, slab=2156822528)
2024-12-04 19:14:25,744:INFO:Physical Core: 6
2024-12-04 19:14:25,744:INFO:Logical Core: 12
2024-12-04 19:14:25,744:INFO:Checking libraries
2024-12-04 19:14:25,744:INFO:System:
2024-12-04 19:14:25,744:INFO:    python: 3.11.10 (main, Oct  3 2024, 07:29:13) [GCC 11.2.0]
2024-12-04 19:14:25,744:INFO:executable: /home/edsonarthurzancheta/anaconda3/envs/Pycaret/bin/python
2024-12-04 19:14:25,744:INFO:   machine: Linux-6.11.10-300.fc41.x86_64-x86_64-with-glibc2.40
2024-12-04 19:14:25,744:INFO:PyCaret required dependencies:
2024-12-04 19:14:25,745:INFO:                 pip: 24.2
2024-12-04 19:14:25,745:INFO:          setuptools: 75.1.0
2024-12-04 19:14:25,745:INFO:             pycaret: 3.3.1
2024-12-04 19:14:25,745:INFO:             IPython: 8.27.0
2024-12-04 19:14:25,745:INFO:          ipywidgets: 8.1.2
2024-12-04 19:14:25,745:INFO:                tqdm: 4.66.5
2024-12-04 19:14:25,745:INFO:               numpy: 1.26.4
2024-12-04 19:14:25,745:INFO:              pandas: 2.1.4
2024-12-04 19:14:25,745:INFO:              jinja2: 3.1.4
2024-12-04 19:14:25,745:INFO:               scipy: 1.11.4
2024-12-04 19:14:25,745:INFO:              joblib: 1.2.0
2024-12-04 19:14:25,745:INFO:             sklearn: 1.4.2
2024-12-04 19:14:25,745:INFO:                pyod: 2.0.2
2024-12-04 19:14:25,745:INFO:            imblearn: 0.12.3
2024-12-04 19:14:25,745:INFO:   category_encoders: 2.6.3
2024-12-04 19:14:25,745:INFO:            lightgbm: 4.5.0
2024-12-04 19:14:25,745:INFO:               numba: 0.60.0
2024-12-04 19:14:25,745:INFO:            requests: 2.32.3
2024-12-04 19:14:25,745:INFO:          matplotlib: 3.9.2
2024-12-04 19:14:25,745:INFO:          scikitplot: 0.3.7
2024-12-04 19:14:25,745:INFO:         yellowbrick: 1.5
2024-12-04 19:14:25,745:INFO:              plotly: 5.24.1
2024-12-04 19:14:25,745:INFO:    plotly-resampler: Not installed
2024-12-04 19:14:25,745:INFO:             kaleido: 0.2.1
2024-12-04 19:14:25,745:INFO:           schemdraw: 0.15
2024-12-04 19:14:25,745:INFO:         statsmodels: 0.14.2
2024-12-04 19:14:25,745:INFO:              sktime: 0.26.0
2024-12-04 19:14:25,745:INFO:               tbats: 1.1.3
2024-12-04 19:14:25,746:INFO:            pmdarima: 2.0.4
2024-12-04 19:14:25,746:INFO:              psutil: 5.9.0
2024-12-04 19:14:25,746:INFO:          markupsafe: 2.1.3
2024-12-04 19:14:25,746:INFO:             pickle5: Not installed
2024-12-04 19:14:25,746:INFO:         cloudpickle: 3.0.0
2024-12-04 19:14:25,746:INFO:         deprecation: 2.1.0
2024-12-04 19:14:25,746:INFO:              xxhash: 2.0.2
2024-12-04 19:14:25,746:INFO:           wurlitzer: 3.0.2
2024-12-04 19:14:25,746:INFO:PyCaret optional dependencies:
2024-12-04 19:14:25,746:INFO:                shap: Not installed
2024-12-04 19:14:25,746:INFO:           interpret: Not installed
2024-12-04 19:14:25,746:INFO:                umap: Not installed
2024-12-04 19:14:25,746:INFO:     ydata_profiling: Not installed
2024-12-04 19:14:25,746:INFO:  explainerdashboard: Not installed
2024-12-04 19:14:25,746:INFO:             autoviz: Not installed
2024-12-04 19:14:25,746:INFO:           fairlearn: Not installed
2024-12-04 19:14:25,746:INFO:          deepchecks: Not installed
2024-12-04 19:14:25,746:INFO:             xgboost: Not installed
2024-12-04 19:14:25,746:INFO:            catboost: Not installed
2024-12-04 19:14:25,746:INFO:              kmodes: Not installed
2024-12-04 19:14:25,746:INFO:             mlxtend: Not installed
2024-12-04 19:14:25,746:INFO:       statsforecast: Not installed
2024-12-04 19:14:25,746:INFO:        tune_sklearn: Not installed
2024-12-04 19:14:25,746:INFO:                 ray: Not installed
2024-12-04 19:14:25,746:INFO:            hyperopt: Not installed
2024-12-04 19:14:25,746:INFO:              optuna: Not installed
2024-12-04 19:14:25,746:INFO:               skopt: Not installed
2024-12-04 19:14:25,746:INFO:              mlflow: Not installed
2024-12-04 19:14:25,746:INFO:              gradio: Not installed
2024-12-04 19:14:25,747:INFO:             fastapi: Not installed
2024-12-04 19:14:25,747:INFO:             uvicorn: Not installed
2024-12-04 19:14:25,747:INFO:              m2cgen: Not installed
2024-12-04 19:14:25,747:INFO:           evidently: Not installed
2024-12-04 19:14:25,747:INFO:               fugue: Not installed
2024-12-04 19:14:25,747:INFO:           streamlit: Not installed
2024-12-04 19:14:25,747:INFO:             prophet: Not installed
2024-12-04 19:14:25,747:INFO:None
2024-12-04 19:14:25,747:INFO:Set up GPU usage.
2024-12-04 19:14:25,747:WARNING:
'cuml' is a soft dependency and not included in the pycaret installation. Please run: `pip install cuml` to install.
2024-12-04 19:14:25,747:WARNING:cuML is outdated or not found. Required version is >=23.08.
                Please visit https://rapids.ai/install for installation instructions.
2024-12-04 19:14:25,747:INFO:Set up data.
2024-12-04 19:14:25,750:INFO:Set up folding strategy.
2024-12-04 19:14:25,750:INFO:Set up train/test split.
